#
# There is insufficient memory for the Java Runtime Environment to continue.
# Native memory allocation (mmap) failed to map 134217728 bytes for Failed to commit area from 0x0000000081600000 to 0x0000000089600000 of length 134217728.
# Possible reasons:
#   The system is out of physical RAM or swap space
#   The process is running with CompressedOops enabled, and the Java Heap may be blocking the growth of the native heap
# Possible solutions:
#   Reduce memory load on the system
#   Increase physical memory or swap space
#   Check if swap backing store is full
#   Decrease Java heap size (-Xmx/-Xms)
#   Decrease number of Java threads
#   Decrease Java thread stack sizes (-Xss)
#   Set larger code cache with -XX:ReservedCodeCacheSize=
# This output file may be truncated or incomplete.
#
#  Out of Memory Error (src/hotspot/os/windows/os_windows.cpp:3624), pid=6156, tid=6744
#
# JRE version:  (11.0.14.1+1) (build )
# Java VM: OpenJDK 64-Bit Server VM (11.0.14.1+1-b2043.45, mixed mode, sharing, tiered, compressed oops, g1 gc, windows-amd64)
# No core dump will be written. Minidumps are not enabled by default on client versions of Windows
#

---------------  S U M M A R Y ------------

Command Line: git4idea.http.GitAskPassApp Username for 'https://github.com': 

Host: Intel(R) Core(TM) i5-2500 CPU @ 3.30GHz, 4 cores, 7G,  Windows 7 , 64 bit Build 7601 (6.1.7601.23572)
Time: Tue May 24 09:45:38 2022 RTZ 2 (ceia) elapsed time: 0.009642 seconds (0d 0h 0m 0s)

---------------  T H R E A D  ---------------

Current thread (0x0000000000329800):  JavaThread "Unknown thread" [_thread_in_vm, id=6744, stack(0x00000000021d0000,0x00000000022d0000)]

Stack: [0x00000000021d0000,0x00000000022d0000]
Native frames: (J=compiled Java code, j=interpreted, Vv=VM code, C=native code)
V  [jvm.dll+0x61618a]
V  [jvm.dll+0x79c450]
V  [jvm.dll+0x79da6d]
V  [jvm.dll+0x79e143]
V  [jvm.dll+0x24c968]
V  [jvm.dll+0x6131f4]
V  [jvm.dll+0x607ef5]
V  [jvm.dll+0x30b35b]
V  [jvm.dll+0x30b2ca]
V  [jvm.dll+0x30b1a2]
V  [jvm.dll+0x3100f6]
V  [jvm.dll+0x35b7e3]
V  [jvm.dll+0x35bee6]
V  [jvm.dll+0x35b8e3]
V  [jvm.dll+0x2e5b68]
V  [jvm.dll+0x2e6d17]
V  [jvm.dll+0x779087]
V  [jvm.dll+0x77a87c]
V  [jvm.dll+0x368d99]
V  [jvm.dll+0x75c9de]
V  [jvm.dll+0x3d6d53]
V  [jvm.dll+0x3d92f1]
C  [jli.dll+0x536b]
C  [ucrtbase.DLL+0x6be1d]
C  [kernel32.dll+0x159cd]
C  [ntdll.dll+0x2a561]


---------------  P R O C E S S  ---------------

Threads class SMR info:
_java_thread_list=0x0000000000305f40, length=0, elements={
}

Java Threads: ( => current thread )

Other Threads:
  0x0000000000342800 GCTaskThread "GC Thread#0" [stack: 0x0000000015530000,0x0000000015630000] [id=6896]
  0x0000000000375000 ConcurrentGCThread "G1 Main Marker" [stack: 0x000000001a690000,0x000000001a790000] [id=8576]
  0x0000000000376000 ConcurrentGCThread "G1 Conc#0" [stack: 0x000000001a850000,0x000000001a950000] [id=8804]

[error occurred during error reporting (printing all threads), id 0xc0000005, EXCEPTION_ACCESS_VIOLATION (0xc0000005) at pc=0x000007fede736177]

VM state:not at safepoint (not fully initialized)

VM Mutex/Monitor currently owned by a thread:  ([mutex/lock_event])
[0x0000000000326d70] Heap_lock - owner thread: 0x0000000000329800

Heap address: 0x0000000081600000, size: 2026 MB, Compressed Oops mode: Non-zero based: 0x0000000081600000
Narrow klass base: 0x0000000000000000, Narrow klass shift: 0

GC Heap History (0 events):
No events

Deoptimization events (0 events):
No events

Classes redefined (0 events):
No events

Internal exceptions (0 events):
No events

Events (1 events):
Event: 0.007 Loaded shared library C:\Users\Admin\AppData\Local\JetBrains\IntelliJ IDEA Community Edition 2022.1.1\jbr\bin\zip.dll


Dynamic libraries:
0x000000013fd60000 - 0x000000013fd6a000 	C:\Users\Admin\AppData\Local\JetBrains\IntelliJ IDEA Community Edition 2022.1.1\jbr\bin\java.exe
0x00000000776e0000 - 0x000000007788a000 	C:\Windows\SYSTEM32\ntdll.dll
0x00000000774c0000 - 0x00000000775df000 	C:\Windows\system32\kernel32.dll
0x000007fefd440000 - 0x000007fefd4aa000 	C:\Windows\system32\KERNELBASE.dll
0x000007fee38d0000 - 0x000007fee38e9000 	C:\Users\Admin\AppData\Local\JetBrains\IntelliJ IDEA Community Edition 2022.1.1\jbr\bin\jli.dll
0x000007fefbe50000 - 0x000007fefc044000 	C:\Windows\WinSxS\amd64_microsoft.windows.common-controls_6595b64144ccf1df_6.0.7601.18837_none_fa3b1e3d17594757\COMCTL32.dll
0x000007fefdf20000 - 0x000007fefdfbf000 	C:\Windows\system32\msvcrt.dll
0x000007fefdcd0000 - 0x000007fefdd37000 	C:\Windows\system32\GDI32.dll
0x00000000775e0000 - 0x00000000776da000 	C:\Windows\system32\USER32.dll
0x000007fefdfd0000 - 0x000007fefdfde000 	C:\Windows\system32\LPK.dll
0x000007fefe720000 - 0x000007fefe7ea000 	C:\Windows\system32\USP10.dll
0x000007feff970000 - 0x000007feff9e1000 	C:\Windows\system32\SHLWAPI.dll
0x000007fee2fb0000 - 0x000007fee2fc6000 	C:\Users\Admin\AppData\Local\JetBrains\IntelliJ IDEA Community Edition 2022.1.1\jbr\bin\VCRUNTIME140.dll
0x000007fef9930000 - 0x000007fef9934000 	C:\Windows\system32\api-ms-win-crt-runtime-l1-1-0.dll
0x000007fef1b70000 - 0x000007fef1c64000 	C:\Windows\system32\ucrtbase.DLL
0x000007fef9670000 - 0x000007fef9673000 	C:\Windows\system32\api-ms-win-core-timezone-l1-1-0.dll
0x000007fef95b0000 - 0x000007fef95b3000 	C:\Windows\system32\api-ms-win-core-file-l2-1-0.dll
0x000007fef3fc0000 - 0x000007fef3fc3000 	C:\Windows\system32\api-ms-win-core-localization-l1-2-0.dll
0x000007fef69d0000 - 0x000007fef69d3000 	C:\Windows\system32\api-ms-win-core-synch-l1-2-0.dll
0x000007fef3f10000 - 0x000007fef3f13000 	C:\Windows\system32\api-ms-win-core-processthreads-l1-1-1.dll
0x000007fef3000000 - 0x000007fef3003000 	C:\Windows\system32\api-ms-win-core-file-l1-2-0.dll
0x000007fef2fb0000 - 0x000007fef2fb4000 	C:\Windows\system32\api-ms-win-crt-string-l1-1-0.dll
0x000007fef2fa0000 - 0x000007fef2fa3000 	C:\Windows\system32\api-ms-win-crt-heap-l1-1-0.dll
0x000007fef2f90000 - 0x000007fef2f94000 	C:\Windows\system32\api-ms-win-crt-stdio-l1-1-0.dll
0x000007fef2f80000 - 0x000007fef2f84000 	C:\Windows\system32\api-ms-win-crt-convert-l1-1-0.dll
0x000007fef2d40000 - 0x000007fef2d43000 	C:\Windows\system32\api-ms-win-crt-environment-l1-1-0.dll
0x000007fef2d10000 - 0x000007fef2d13000 	C:\Windows\system32\api-ms-win-crt-filesystem-l1-1-0.dll
0x000007fef2d20000 - 0x000007fef2d25000 	C:\Windows\system32\api-ms-win-crt-math-l1-1-0.dll
0x000007fef1b30000 - 0x000007fef1b33000 	C:\Windows\system32\api-ms-win-crt-locale-l1-1-0.dll
0x000007fefdab0000 - 0x000007fefdade000 	C:\Windows\system32\IMM32.DLL
0x000007fefdbc0000 - 0x000007fefdcc9000 	C:\Windows\system32\MSCTF.dll
0x000007fee1170000 - 0x000007fee121a000 	C:\Users\Admin\AppData\Local\JetBrains\IntelliJ IDEA Community Edition 2022.1.1\jbr\bin\msvcp140.dll
0x000007fef1b20000 - 0x000007fef1b25000 	C:\Windows\system32\api-ms-win-crt-multibyte-l1-1-0.dll
0x000007fef2d00000 - 0x000007fef2d03000 	C:\Windows\system32\api-ms-win-crt-time-l1-1-0.dll
0x000007fef2d30000 - 0x000007fef2d33000 	C:\Windows\system32\api-ms-win-crt-utility-l1-1-0.dll
0x000007fede440000 - 0x000007fedefba000 	C:\Users\Admin\AppData\Local\JetBrains\IntelliJ IDEA Community Edition 2022.1.1\jbr\bin\server\jvm.dll
0x000007fefdae0000 - 0x000007fefdbbb000 	C:\Windows\system32\ADVAPI32.dll
0x000007feff810000 - 0x000007feff82f000 	C:\Windows\SYSTEM32\sechost.dll
0x000007fefe5f0000 - 0x000007fefe71d000 	C:\Windows\system32\RPCRT4.dll
0x000007fef0dd0000 - 0x000007fef0dd9000 	C:\Windows\system32\WSOCK32.dll
0x000007fefe250000 - 0x000007fefe29d000 	C:\Windows\system32\WS2_32.dll
0x000007fefdfc0000 - 0x000007fefdfc8000 	C:\Windows\system32\NSI.dll
0x000007fefb2c0000 - 0x000007fefb2fb000 	C:\Windows\system32\WINMM.dll
0x000007fefc4e0000 - 0x000007fefc4ec000 	C:\Windows\system32\VERSION.dll
0x00000000778a0000 - 0x00000000778a7000 	C:\Windows\system32\PSAPI.DLL
0x000007fef2c70000 - 0x000007fef2c81000 	C:\Users\Admin\AppData\Local\JetBrains\IntelliJ IDEA Community Edition 2022.1.1\jbr\bin\verify.dll
0x000007fef36b0000 - 0x000007fef37d5000 	C:\Windows\system32\DBGHELP.DLL
0x000007fef2c40000 - 0x000007fef2c69000 	C:\Users\Admin\AppData\Local\JetBrains\IntelliJ IDEA Community Edition 2022.1.1\jbr\bin\java.dll
0x000007fef2cf0000 - 0x000007fef2cfb000 	C:\Users\Admin\AppData\Local\JetBrains\IntelliJ IDEA Community Edition 2022.1.1\jbr\bin\jimage.dll
0x000007fef2c20000 - 0x000007fef2c39000 	C:\Users\Admin\AppData\Local\JetBrains\IntelliJ IDEA Community Edition 2022.1.1\jbr\bin\zip.dll

dbghelp: loaded successfully - version: 4.0.5 - missing functions: none
symbol engine: initialized successfully - sym options: 0x614 - pdb path: .;C:\Users\Admin\AppData\Local\JetBrains\IntelliJ IDEA Community Edition 2022.1.1\jbr\bin;C:\Windows\SYSTEM32;C:\Windows\WinSxS\amd64_microsoft.windows.common-controls_6595b64144ccf1df_6.0.7601.18837_none_fa3b1e3d17594757;C:\Users\Admin\AppData\Local\JetBrains\IntelliJ IDEA Community Edition 2022.1.1\jbr\bin\server

VM Arguments:
java_command: git4idea.http.GitAskPassApp Username for 'https://github.com': 
java_class_path (initial): C:/Users/Admin/AppData/Local/JetBrains/IntelliJ IDEA Community Edition 2022.1.1/plugins/git4idea/lib/git4idea-rt.jar;C:/Users/Admin/AppData/Local/JetBrains/IntelliJ IDEA Community Edition 2022.1.1/lib/externalProcess-rt.jar;C:/Users/Admin/AppData/Local/JetBrains/IntelliJ IDEA Community Edition 2022.1.1/lib/app.jar;C:/Users/Admin/AppData/Local/JetBrains/IntelliJ IDEA Community Edition 2022.1.1/lib/3rd-party-rt.jar
Launcher Type: SUN_STANDARD

[Global flags]
     intx CICompilerCount                          = 3                                         {product} {ergonomic}
     uint ConcGCThreads                            = 1                                         {product} {ergonomic}
     uint G1ConcRefinementThreads                  = 4                                         {product} {ergonomic}
   size_t G1HeapRegionSize                         = 1048576                                   {product} {ergonomic}
    uintx GCDrainStackTargetSize                   = 64                                        {product} {ergonomic}
   size_t InitialHeapSize                          = 134217728                                 {product} {ergonomic}
   size_t MarkStackSize                            = 4194304                                   {product} {ergonomic}
   size_t MaxHeapSize                              = 2124414976                                {product} {ergonomic}
   size_t MinHeapDeltaBytes                        = 1048576                                   {product} {ergonomic}
    uintx NonNMethodCodeHeapSize                   = 5830732                                {pd product} {ergonomic}
    uintx NonProfiledCodeHeapSize                  = 122913754                              {pd product} {ergonomic}
    uintx ProfiledCodeHeapSize                     = 122913754                              {pd product} {ergonomic}
    uintx ReservedCodeCacheSize                    = 251658240                              {pd product} {ergonomic}
     bool SegmentedCodeCache                       = true                                      {product} {ergonomic}
     bool UseCompressedClassPointers               = true                                 {lp64_product} {ergonomic}
     bool UseCompressedOops                        = true                                 {lp64_product} {ergonomic}
     bool UseG1GC                                  = true                                      {product} {ergonomic}
     bool UseLargePagesIndividualAllocation        = false                                  {pd product} {ergonomic}

Logging:
Log output configuration:
 #0: stdout all=warning uptime,level,tags
 #1: stderr all=off uptime,level,tags

Environment Variables:
JAVA_HOME=C:\Program Files\Java\jre7
PATH=C:/Program Files/Git/mingw64/libexec/git-core;C:/Program Files/Git/mingw64/libexec/git-core;C:\Program Files\Git\mingw64\bin;C:\Program Files\Git\usr\bin;C:\Users\Admin\bin;C:\PROGRA~2\Borland\CBUILD~1\Bin;C:\PROGRA~2\Borland\CBUILD~1\Projects\Bpl;C:\Program Files (x86)\EDC Electronic\bin;C:\Windows\system32;C:\Windows;C:\Windows\System32\Wbem;C:\Windows\System32\WindowsPowerShell\v1.0\;c:\Program Files (x86)\Microsoft SQL Server\100\Tools\Binn\;c:\Program Files\Microsoft SQL Server\100\Tools\Binn\;c:\Program Files\Microsoft SQL Server\100\DTS\Binn\;C:\neuro\bin;C:\TASM32\BIN;c:\altera\81\quartus\bin;C:\PROJECT\rbf2pof;C:\WinDDK\7600.16385.1\bin;C:\Program Files\Java\jre8\bin;C:\neuro\bin;C:\MODULE\mc12101_flash_prog_v_03_03\bin;C:\Program Files\dotnet\;C:\Program Files\Microsoft SQL Server\130\Tools\Binn\;C:\neuro\bin;C:\Program Files\Git\cmd
USERNAME=Admin
DISPLAY=:0.0
LC_ALL=en_US.UTF-8
OS=Windows_NT
PROCESSOR_IDENTIFIER=Intel64 Family 6 Model 42 Stepping 7, GenuineIntel



---------------  S Y S T E M  ---------------

OS: Windows 7 , 64 bit Build 7601 (6.1.7601.23572)
OS uptime: 0 days 2:32 hours

CPU:total 4 (initial active 4) (4 cores per cpu, 1 threads per core) family 6 model 42 stepping 7 microcode 0x0, cmov, cx8, fxsr, mmx, sse, sse2, sse3, ssse3, sse4.1, sse4.2, popcnt, avx, aes, clmul, tsc, tscinvbit

Memory: 4k page, system-wide physical 8096M (931M free)
TotalPageFile size 8095M (AvailPageFile size 86M)
current process WorkingSet (physical memory assigned to process): 10M, peak: 10M
current process commit charge ("private bytes"): 58M, peak: 184M

vm_info: OpenJDK 64-Bit Server VM (11.0.14.1+1-b2043.45) for windows-amd64 JRE (11.0.14.1+1-b2043.45), built on Apr 25 2022 05:49:45 by "" with MS VC++ 14.0 (VS2015)

END.
